<?xml version="1.0" encoding="UTF-8"?>
<testng-results ignored="0" total="1" passed="1" failed="0" skipped="0">
  <reporter-output>
  </reporter-output>
  <suite started-at="2023-07-03T23:30:01 IST" name="Default suite" finished-at="2023-07-03T23:30:11 IST" duration-ms="9792">
    <groups>
    </groups>
    <test started-at="2023-07-03T23:30:01 IST" name="Default test" finished-at="2023-07-03T23:30:11 IST" duration-ms="9792">
      <class name="Actitime_Login.createcustomerTest">
        <test-method signature="createcust()[pri:0, instance:Actitime_Login.createcustomerTest@543588e6]" started-at="2023-07-03T23:30:01 IST" name="createcust" finished-at="2023-07-03T23:30:11 IST" duration-ms="9734" status="PASS">
          <reporter-output>
          </reporter-output>
        </test-method> <!-- createcust -->
      </class> <!-- Actitime_Login.createcustomerTest -->
    </test> <!-- Default test -->
  </suite> <!-- Default suite -->
</testng-results>
